<?xml version="1.0" encoding="UTF-8"?>
<!-- Generated by org.testng.reporters.JUnitXMLReporter -->
<testsuite hostname="edwinndonga-HP-Pavilion-Notebook" ignored="1" name="Default test" tests="1" failures="0" timestamp="30 Dec 2018 20:13:19 GMT" time="6.242" errors="0">
  <testcase name="validateLoginPageTitleTest" time="0.01" classname="testcases.LoginPageTest"/>
  <testcase name="validateSuccessLoginTest" time="0.0" classname="testcases.LoginPageTest">
    <ignored/>
  </testcase> <!-- validateSuccessLoginTest -->
</testsuite> <!-- Default test -->
