<?xml version="1.0" encoding="UTF-8"?>
<testng-results skipped="0" failed="0" ignored="1" total="2" passed="1">
  <reporter-output>
  </reporter-output>
  <suite name="Default suite" duration-ms="6242" started-at="2018-12-30T20:13:13Z" finished-at="2018-12-30T20:13:19Z">
    <groups>
    </groups>
    <test name="Default test" duration-ms="6242" started-at="2018-12-30T20:13:13Z" finished-at="2018-12-30T20:13:19Z">
      <class name="testcases.LoginPageTest">
        <test-method status="PASS" signature="setup()[pri:0, instance:testcases.LoginPageTest@3ffc5af1]" name="setup" is-config="true" duration-ms="6132" started-at="2018-12-30T20:13:13Z" finished-at="2018-12-30T20:13:19Z">
          <reporter-output>
          </reporter-output>
        </test-method> <!-- setup -->
        <test-method status="PASS" signature="validateLoginPageTitleTest()[pri:1, instance:testcases.LoginPageTest@3ffc5af1]" name="validateLoginPageTitleTest" duration-ms="10" started-at="2018-12-30T20:13:19Z" finished-at="2018-12-30T20:13:19Z">
          <reporter-output>
          </reporter-output>
        </test-method> <!-- validateLoginPageTitleTest -->
        <test-method status="PASS" signature="teardown()[pri:0, instance:testcases.LoginPageTest@3ffc5af1]" name="teardown" is-config="true" duration-ms="73" started-at="2018-12-30T20:13:19Z" finished-at="2018-12-30T20:13:19Z">
          <reporter-output>
          </reporter-output>
        </test-method> <!-- teardown -->
      </class> <!-- testcases.LoginPageTest -->
    </test> <!-- Default test -->
  </suite> <!-- Default suite -->
</testng-results>
